[2025-03-06 08:55:08,793: INFO: common: yaml file: config\config.yaml loaded successfully]
[2025-03-06 08:55:08,799: INFO: common: yaml file: params.yaml loaded successfully]
[2025-03-06 08:58:42,991: INFO: common: yaml file: config\config.yaml loaded successfully]
[2025-03-06 08:58:42,994: INFO: common: yaml file: params.yaml loaded successfully]
[2025-03-06 09:02:24,793: INFO: common: yaml file: config\config.yaml loaded successfully]
[2025-03-06 09:02:24,799: INFO: common: yaml file: params.yaml loaded successfully]
[2025-03-06 09:02:49,670: INFO: common: yaml file: config\config.yaml loaded successfully]
[2025-03-06 09:02:49,692: INFO: common: yaml file: params.yaml loaded successfully]
[2025-03-06 09:02:51,889: INFO: common: yaml file: config\config.yaml loaded successfully]
[2025-03-06 09:02:51,893: INFO: common: yaml file: params.yaml loaded successfully]
[2025-03-06 09:05:21,877: INFO: common: yaml file: config\config.yaml loaded successfully]
[2025-03-06 09:05:21,881: INFO: common: yaml file: params.yaml loaded successfully]
[2025-03-06 09:06:21,498: INFO: common: yaml file: config\config.yaml loaded successfully]
[2025-03-06 09:06:21,504: INFO: common: yaml file: params.yaml loaded successfully]
[2025-03-06 09:06:21,507: INFO: common: created directory at: artifacts]
[2025-03-06 09:10:03,754: INFO: common: yaml file: config\config.yaml loaded successfully]
[2025-03-06 09:10:03,759: INFO: common: yaml file: params.yaml loaded successfully]
[2025-03-06 09:10:03,762: INFO: common: created directory at: artifacts]
[2025-03-06 09:10:03,765: INFO: common: created directory at: artifacts/data_ingestion]
[2025-03-06 09:10:40,982: INFO: common: yaml file: config\config.yaml loaded successfully]
[2025-03-06 09:10:40,986: INFO: common: yaml file: params.yaml loaded successfully]
[2025-03-06 09:10:40,989: INFO: common: created directory at: artifacts]
[2025-03-06 09:10:40,992: INFO: common: created directory at: artifacts/data_ingestion]
[2025-03-06 09:11:13,706: INFO: common: yaml file: config\config.yaml loaded successfully]
[2025-03-06 09:11:13,710: INFO: common: yaml file: params.yaml loaded successfully]
[2025-03-06 09:11:13,714: INFO: common: created directory at: artifacts]
[2025-03-06 09:11:13,717: INFO: common: created directory at: artifacts/data_ingestion]
[2025-03-06 09:11:18,254: INFO: common: yaml file: config\config.yaml loaded successfully]
[2025-03-06 09:11:18,259: INFO: common: yaml file: params.yaml loaded successfully]
[2025-03-06 09:11:18,262: INFO: common: created directory at: artifacts]
[2025-03-06 09:11:18,265: INFO: common: created directory at: artifacts/data_ingestion]
[2025-03-06 09:11:43,395: INFO: common: yaml file: config\config.yaml loaded successfully]
[2025-03-06 09:11:43,399: INFO: common: yaml file: params.yaml loaded successfully]
[2025-03-06 09:11:43,402: INFO: common: created directory at: artifacts]
[2025-03-06 09:11:43,405: INFO: common: created directory at: artifacts/data_ingestion]
[2025-03-06 09:12:39,948: INFO: common: yaml file: config\config.yaml loaded successfully]
[2025-03-06 09:12:39,952: INFO: common: yaml file: params.yaml loaded successfully]
[2025-03-06 09:12:39,955: INFO: common: created directory at: artifacts]
[2025-03-06 09:12:39,958: INFO: common: created directory at: artifacts/data_ingestion]
[2025-03-06 09:12:41,975: INFO: common: yaml file: config\config.yaml loaded successfully]
[2025-03-06 09:12:41,980: INFO: common: yaml file: params.yaml loaded successfully]
[2025-03-06 09:12:41,982: INFO: common: created directory at: artifacts]
[2025-03-06 09:12:41,986: INFO: common: created directory at: artifacts/data_ingestion]
[2025-03-06 09:14:00,160: INFO: common: yaml file: config\config.yaml loaded successfully]
[2025-03-06 09:14:00,165: INFO: common: yaml file: params.yaml loaded successfully]
[2025-03-06 09:14:00,168: INFO: common: created directory at: artifacts]
[2025-03-06 09:14:00,170: INFO: common: created directory at: artifacts/data_ingestion]
[2025-03-06 09:14:00,172: INFO: 986331348: Downloading data from https://drive.google.com/file/d/1vlhZ5c7abUKF8xXERIw6m9Te8fW7ohw3/view?usp=sharing into file artifacts/data_ingestion/data.zip]
[2025-03-06 09:15:07,139: INFO: 986331348: Downloaded data from https://drive.google.com/file/d/1vlhZ5c7abUKF8xXERIw6m9Te8fW7ohw3/view?usp=sharing into file artifacts/data_ingestion/data.zip]
